=========================================================================
Log Path:
results/data/processed/quantifying_error/log/all_carnivora_combined_10_files.log
Program Path:
C:/Users/carlo/OneDrive/Desktop/Evolutionary-age-discrepancies/results/scripts/quantifying_error/empirical.example.R
Working Directory:
C:/Users/carlo/OneDrive/Desktop/Evolutionary-age-discrepancies
User Name: carlo
R Version: 4.3.2 (2023-10-31 ucrt)
Machine: SMILODON x86-64
Operating System: Windows 10 x64 build 22631
Base Packages: grid stats graphics grDevices utils datasets methods base
Other Packages: logr_1.3.6 ggbreak_0.1.2 diversitree_0.10-0 modi_0.1.2
spatstat_3.0-7 spatstat.linnet_3.1-3 spatstat.model_3.2-8 rpart_4.1.21
spatstat.explore_3.2-5 spatstat.random_3.2-2 spatstat.geom_3.2-8
spatstat.data_3.0-4 gridExtra_2.3 arules_1.7-7 Matrix_1.6-1.1 HDInterval_0.2.4
TreeSimGM_2.5 future.apply_1.11.1 future_1.33.1 scales_1.3.0 cowplot_1.1.3
multcompView_0.1-9 ggpubr_0.6.0 ggridges_0.5.6 TreeSim_2.4 geiger_2.0.11
FossilSim_2.3.2 tidytree_0.4.6 TreeTools_1.10.0 phangorn_2.11.1 lubridate_1.9.3
forcats_1.0.0 stringr_1.5.1 dplyr_1.1.4 purrr_1.0.2 tidyr_1.3.0 tibble_3.2.1
ggplot2_3.4.4 tidyverse_2.0.0 picante_1.8.2 nlme_3.1-163 vegan_2.6-4
lattice_0.21-9 permute_0.9-7 readr_2.1.4 phytools_2.1-1 maps_3.4.2 ape_5.7-1
Log Start Time: 2024-03-21 11:21:06.389664
=========================================================================

Error in read_log(file_name =
"results/data/processed/quantifying_error/all_carnivora_combined_10_files.log")
: unused argument (file_name =
"results/data/processed/quantifying_error/all_carnivora_combined_10_files.log")
Traceback:
No traceback available

NOTE: Log Print Time:  2024-03-21 11:22:21.498148
NOTE: Elapsed Time: 1.2517717162768 mins

=========================================================================
Log End Time: 2024-03-21 11:22:21.500436
Log Elapsed Time: 0 00:01:15
=========================================================================
